<?xml version="1.0" encoding="UTF-8"?>
<!-- Generated by org.testng.reporters.JUnitXMLReporter -->
<testsuite hostname="Bhavna" ignored="0" name="Test-Runner-Chrome" tests="2" failures="0" timestamp="2023-03-08T13:09:45 IST" time="71.586" errors="0">
  <testcase name="createOrganizationWithMAndatoryFields_002" time="29.498" classname="vtiget.OrganizationsTests.CreateOraganizationWithMAndatoryFields"/>
  <testcase name="regional" time="0.009" classname="vtiget.OrganizationsTests.CreateOraganizationWithMAndatoryFields"/>
</testsuite> <!-- Test-Runner-Chrome -->
