<?xml version="1.0" encoding="UTF-8"?>
<!-- Generated by org.testng.reporters.JUnitReportReporter -->
<testsuite skipped="0" hostname="Bhavna" name="vtiger.ContactsTests.CreateContactsWithMandatoryFields" tests="1" failures="0" timestamp="2023-03-01T13:41:29 IST" time="36.121" errors="0">
  <testcase name="VT_001_CreateContactsWithMandatoryFields" time="36.121" classname="vtiger.ContactsTests.CreateContactsWithMandatoryFields"/>
  <system-out/>
</testsuite> <!-- vtiger.ContactsTests.CreateContactsWithMandatoryFields -->
