<?xml version="1.0" encoding="UTF-8"?>
<!-- Generated by org.testng.reporters.JUnitReportReporter -->
<testsuite skipped="1" hostname="Bhavna" name="Practice.TestNGPractice" tests="4" failures="0" timestamp="2023-03-02T12:48:09 IST" time="0.015" errors="0">
  <testcase name="deleteUser" time="0.002" classname="Practice.TestNGPractice"/>
  <system-out/>
  <testcase name="createUser" time="0.011" classname="Practice.TestNGPractice"/>
  <system-out/>
  <testcase name="updateUser" time="0.002" classname="Practice.TestNGPractice"/>
  <system-out/>
  <testcase name="updateuser" classname="Practice.TestNGPractice">
    <skipped/>
  </testcase> <!-- updateuser -->
  <system-out/>
</testsuite> <!-- Practice.TestNGPractice -->
