<?xml version="1.0" encoding="UTF-8"?>
<!-- Generated by org.testng.reporters.JUnitReportReporter -->
<testsuite skipped="0" hostname="Bhavna" name="vtiger.ContactsTests.Create_ContactsWithMandatoryFields" tests="1" failures="0" timestamp="2023-03-20T11:17:12 IST" time="41.923" errors="0">
  <testcase name="createContactTEST" time="41.923" classname="vtiger.ContactsTests.Create_ContactsWithMandatoryFields"/>
  <system-out>
    <![CDATA[Succesfully Click on Contacts Link
Succesfully Click on Contacts  look up image
Succesfully Contact created]]>
  </system-out>
</testsuite> <!-- vtiger.ContactsTests.Create_ContactsWithMandatoryFields -->
