<?xml version="1.0" encoding="UTF-8"?>
<!-- Generated by org.testng.reporters.JUnitReportReporter -->
<testsuite skipped="0" hostname="Bhavna" name="vtiger.ContactsTests.CreateContactWithOrganizationTest" tests="1" failures="0" timestamp="2023-03-21T12:07:08 IST" time="70.301" errors="0">
  <testcase name="createContactWithOrgTest" time="70.301" classname="vtiger.ContactsTests.CreateContactWithOrganizationTest"/>
  <system-out/>
</testsuite> <!-- vtiger.ContactsTests.CreateContactWithOrganizationTest -->
