<?xml version="1.0" encoding="UTF-8"?>
<!-- Generated by org.testng.reporters.JUnitReportReporter -->
<testsuite skipped="0" hostname="Bhavna" name="vtiget.OrganizationsTests.CreateOrganizationWithIndustry" tests="1" failures="0" timestamp="2023-03-08T12:45:48 IST" time="48.582" errors="0">
  <testcase name="createOrganizationWithIndustry_003" time="48.582" classname="vtiget.OrganizationsTests.CreateOrganizationWithIndustry"/>
  <system-out/>
</testsuite> <!-- vtiget.OrganizationsTests.CreateOrganizationWithIndustry -->
