<?xml version="1.0" encoding="UTF-8"?>
<!-- Generated by org.testng.reporters.JUnitReportReporter -->
<testsuite skipped="0" hostname="Bhavna" name="vtiget.OrganizationsTests.CreateOraganizationWithMAndatoryFields" tests="4" failures="0" timestamp="2023-03-08T13:09:45 IST" time="106.275" errors="0">
  <testcase name="regional" time="8.867" classname="vtiget.OrganizationsTests.CreateOraganizationWithMAndatoryFields"/>
  <system-out/>
  <testcase name="regional" time="12.527" classname="vtiget.OrganizationsTests.CreateOraganizationWithMAndatoryFields"/>
  <system-out/>
  <testcase name="createOrganizationWithMAndatoryFields_002" time="37.253" classname="vtiget.OrganizationsTests.CreateOraganizationWithMAndatoryFields"/>
  <system-out/>
  <testcase name="createOrganizationWithMAndatoryFields_002" time="47.628" classname="vtiget.OrganizationsTests.CreateOraganizationWithMAndatoryFields"/>
  <system-out/>
</testsuite> <!-- vtiget.OrganizationsTests.CreateOraganizationWithMAndatoryFields -->
