<?xml version="1.0" encoding="UTF-8"?>
<!-- Generated by org.testng.reporters.JUnitReportReporter -->
<testsuite skipped="0" hostname="Bhavna" name="vtiger.ContactsTests.CreateNewContactsWiTHOrganizationTest" tests="2" failures="0" timestamp="2023-03-22T11:03:17 IST" time="0.013" errors="0">
  <testcase name="demo" time="0.012" classname="vtiger.ContactsTests.CreateNewContactsWiTHOrganizationTest"/>
  <system-out/>
  <testcase name="demo1" time="0.001" classname="vtiger.ContactsTests.CreateNewContactsWiTHOrganizationTest"/>
  <system-out/>
</testsuite> <!-- vtiger.ContactsTests.CreateNewContactsWiTHOrganizationTest -->
