<?xml version="1.0" encoding="UTF-8"?>
<!-- Generated by org.testng.reporters.JUnitReportReporter -->
<testsuite skipped="0" hostname="Bhavna" name="vtiget.OrganizationsTests.CreateOrganizationWithIndustryAndAccounTypeTest" tests="1" failures="0" timestamp="2023-03-21T11:50:14 IST" time="42.459" errors="0">
  <testcase name="CreateOrganizationWithIndustryAndAccounType_004" time="42.459" classname="vtiget.OrganizationsTests.CreateOrganizationWithIndustryAndAccounTypeTest"/>
  <system-out/>
</testsuite> <!-- vtiget.OrganizationsTests.CreateOrganizationWithIndustryAndAccounTypeTest -->
