<?xml version="1.0" encoding="UTF-8"?>
<!-- Generated by org.testng.reporters.JUnitReportReporter -->
<testsuite skipped="1" hostname="Bhavna" name="Practice.DataProviderPractice" tests="1" failures="0" timestamp="2023-03-09T13:13:38 IST" time="0.000" errors="0">
  <testcase name="dataproviderpractce" time="0.000" classname="Practice.DataProviderPractice">
    <skipped/>
  </testcase> <!-- dataproviderpractce -->
  <system-out/>
</testsuite> <!-- Practice.DataProviderPractice -->
