<?xml version="1.0" encoding="UTF-8"?>
<!-- Generated by org.testng.reporters.JUnitReportReporter -->
<testsuite skipped="0" hostname="Bhavna" name="vtiger.ContactsTests.CreateContactsWithmandatoryfieldTest" tests="1" failures="0" timestamp="2023-03-21T12:07:08 IST" time="31.342" errors="0">
  <testcase name="createConTEST" time="31.342" classname="vtiger.ContactsTests.CreateContactsWithmandatoryfieldTest"/>
  <system-out/>
</testsuite> <!-- vtiger.ContactsTests.CreateContactsWithmandatoryfieldTest -->
