<?xml version="1.0" encoding="UTF-8"?>
<!-- Generated by org.testng.reporters.JUnitReportReporter -->
<testsuite skipped="0" hostname="Bhavna" name="vtiget.OrganizationsTests.CreateOraganizationTest" tests="1" failures="0" timestamp="2023-03-22T11:00:33 IST" time="11.035" errors="0">
  <testcase name="regional" time="11.035" classname="vtiget.OrganizationsTests.CreateOraganizationTest"/>
  <system-out/>
</testsuite> <!-- vtiget.OrganizationsTests.CreateOraganizationTest -->
