<?xml version="1.0" encoding="UTF-8"?>
<!-- Generated by org.testng.reporters.JUnitReportReporter -->
<testsuite skipped="0" hostname="Bhavna" name="vtiger.ContactsTests.CreateContactsWithOrganization" tests="1" failures="0" timestamp="2023-02-28T13:38:14 IST" time="91.754" errors="0">
  <testcase name="CreateContactsWithOrganization_003" time="91.754" classname="vtiger.ContactsTests.CreateContactsWithOrganization"/>
  <system-out/>
</testsuite> <!-- vtiger.ContactsTests.CreateContactsWithOrganization -->
