<?xml version="1.0" encoding="UTF-8"?>
<!-- Generated by org.testng.reporters.JUnitReportReporter -->
<testsuite skipped="0" hostname="Bhavna" name="Practice.ReadDataFromCmdLine" tests="1" failures="0" timestamp="2023-03-20T12:52:07 IST" time="0.022" errors="0">
  <testcase name="readData" time="0.022" classname="Practice.ReadDataFromCmdLine"/>
  <system-out/>
</testsuite> <!-- Practice.ReadDataFromCmdLine -->
