<?xml version="1.0" encoding="UTF-8"?>
<!-- Generated by org.testng.reporters.JUnitReportReporter -->
<testsuite skipped="0" hostname="Bhavna" name="vtiget.OrganizationsTests.CreateOrganizationWithIndustryAndAccounType" tests="1" failures="0" timestamp="2023-03-08T12:45:48 IST" time="47.849" errors="0">
  <testcase name="CreateOrganizationWithIndustryAndAccounType_004" time="47.849" classname="vtiget.OrganizationsTests.CreateOrganizationWithIndustryAndAccounType"/>
  <system-out/>
</testsuite> <!-- vtiget.OrganizationsTests.CreateOrganizationWithIndustryAndAccounType -->
